{"E:\\Projects\\Hilton-Assignment\\test2-dynamic-form\\src\\App.js": {"path":"E:\\Projects\\Hilton-Assignment\\test2-dynamic-form\\src\\App.js","statementMap":{"0":{"start":{"line":7,"column":4},"end":{"line":11,"column":6}}},"fnMap":{"0":{"name":"(anonymous_0)","decl":{"start":{"line":6,"column":2},"end":{"line":6,"column":3}},"loc":{"start":{"line":6,"column":11},"end":{"line":12,"column":3}},"line":6}},"branchMap":{},"s":{"0":0},"f":{"0":0},"b":{},"_coverageSchema":"332fd63041d2c1bcb487cc26dd0d5f7d97098a6c","hash":"ab012fbd8011da9b175acf4c130fafef1e846d23"}
,"E:\\Projects\\Hilton-Assignment\\test2-dynamic-form\\src\\index.js": {"path":"E:\\Projects\\Hilton-Assignment\\test2-dynamic-form\\src\\index.js","statementMap":{"0":{"start":{"line":1,"column":32},"end":{"line":1,"column":100}},"1":{"start":{"line":1,"column":101},"end":{"line":1,"column":125}},"2":{"start":{"line":2,"column":13},"end":{"line":2,"column":29}},"3":{"start":{"line":2,"column":44},"end":{"line":2,"column":74}},"4":{"start":{"line":3,"column":16},"end":{"line":3,"column":36}},"5":{"start":{"line":3,"column":54},"end":{"line":3,"column":87}},"6":{"start":{"line":4,"column":13},"end":{"line":4,"column":29}},"7":{"start":{"line":5,"column":18},"end":{"line":5,"column":40}},"8":{"start":{"line":7,"column":0},"end":{"line":7,"column":23}},"9":{"start":{"line":8,"column":11},"end":{"line":8,"column":27}},"10":{"start":{"line":8,"column":40},"end":{"line":8,"column":68}},"11":{"start":{"line":9,"column":29},"end":{"line":9,"column":63}},"12":{"start":{"line":9,"column":94},"end":{"line":9,"column":140}},"13":{"start":{"line":10,"column":15},"end":{"line":10,"column":41}},"14":{"start":{"line":10,"column":58},"end":{"line":10,"column":90}},"15":{"start":{"line":10,"column":129},"end":{"line":10,"column":183}},"16":{"start":{"line":12,"column":14},"end":{"line":12,"column":56}},"17":{"start":{"line":14,"column":0},"end":{"line":14,"column":326}},"18":{"start":{"line":15,"column":0},"end":{"line":15,"column":39}}},"fnMap":{"0":{"name":"_interopRequireDefault","decl":{"start":{"line":10,"column":100},"end":{"line":10,"column":122}},"loc":{"start":{"line":10,"column":128},"end":{"line":10,"column":184}},"line":10}},"branchMap":{"0":{"loc":{"start":{"line":10,"column":136},"end":{"line":10,"column":182}},"type":"cond-expr","locations":[{"start":{"line":10,"column":160},"end":{"line":10,"column":163}},{"start":{"line":10,"column":166},"end":{"line":10,"column":182}}],"line":10},"1":{"loc":{"start":{"line":10,"column":136},"end":{"line":10,"column":157}},"type":"binary-expr","locations":[{"start":{"line":10,"column":136},"end":{"line":10,"column":139}},{"start":{"line":10,"column":143},"end":{"line":10,"column":157}}],"line":10}},"s":{"0":0,"1":0,"2":0,"3":0,"4":0,"5":0,"6":0,"7":0,"8":0,"9":0,"10":0,"11":0,"12":0,"13":0,"14":0,"15":0,"16":0,"17":0,"18":0},"f":{"0":0},"b":{"0":[0,0],"1":[0,0]}}
,"E:\\Projects\\Hilton-Assignment\\test2-dynamic-form\\src\\registerServiceWorker.js": {"path":"E:\\Projects\\Hilton-Assignment\\test2-dynamic-form\\src\\registerServiceWorker.js","statementMap":{"0":{"start":{"line":1,"column":13},"end":{"line":1,"column":75}},"1":{"start":{"line":1,"column":75},"end":{"line":21,"column":9}},"2":{"start":{"line":21,"column":9},"end":{"line":101,"column":24}},"3":{"start":{"line":108,"column":20},"end":{"line":110,"column":89}},"4":{"start":{"line":110,"column":111},"end":{"line":116,"column":44}},"5":{"start":{"line":111,"column":22},"end":{"line":111,"column":70}},"6":{"start":{"line":111,"column":71},"end":{"line":114,"column":14}},"7":{"start":{"line":114,"column":6},"end":{"line":114,"column":13}},"8":{"start":{"line":114,"column":14},"end":{"line":116,"column":43}},"9":{"start":{"line":114,"column":67},"end":{"line":114,"column":112}},"10":{"start":{"line":114,"column":113},"end":{"line":116,"column":40}},"11":{"start":{"line":115,"column":8},"end":{"line":115,"column":31}},"12":{"start":{"line":116,"column":8},"end":{"line":116,"column":39}},"13":{"start":{"line":116,"column":78},"end":{"line":123,"column":90}},"14":{"start":{"line":116,"column":140},"end":{"line":123,"column":68}},"15":{"start":{"line":116,"column":201},"end":{"line":116,"column":224}},"16":{"start":{"line":116,"column":225},"end":{"line":123,"column":66}},"17":{"start":{"line":116,"column":265},"end":{"line":123,"column":64}},"18":{"start":{"line":116,"column":310},"end":{"line":123,"column":63}},"19":{"start":{"line":120,"column":12},"end":{"line":120,"column":69}},"20":{"start":{"line":123,"column":12},"end":{"line":123,"column":62}},"21":{"start":{"line":124,"column":2},"end":{"line":127,"column":126}},"22":{"start":{"line":125,"column":4},"end":{"line":127,"column":30}},"23":{"start":{"line":126,"column":6},"end":{"line":126,"column":127}},"24":{"start":{"line":126,"column":58},"end":{"line":126,"column":124}},"25":{"start":{"line":126,"column":96},"end":{"line":126,"column":121}},"26":{"start":{"line":127,"column":6},"end":{"line":127,"column":29}},"27":{"start":{"line":127,"column":46},"end":{"line":127,"column":123}},"28":{"start":{"line":127,"column":150},"end":{"line":127,"column":267}},"29":{"start":{"line":127,"column":185},"end":{"line":127,"column":266}},"30":{"start":{"line":127,"column":237},"end":{"line":127,"column":263}}},"fnMap":{"0":{"name":"register","decl":{"start":{"line":110,"column":99},"end":{"line":110,"column":107}},"loc":{"start":{"line":110,"column":110},"end":{"line":116,"column":45}},"line":110},"1":{"name":"(anonymous_1)","decl":{"start":{"line":114,"column":46},"end":{"line":114,"column":47}},"loc":{"start":{"line":114,"column":52},"end":{"line":116,"column":41}},"line":114},"2":{"name":"registerValidSW","decl":{"start":{"line":116,"column":54},"end":{"line":116,"column":69}},"loc":{"start":{"line":116,"column":77},"end":{"line":123,"column":91}},"line":116},"3":{"name":"(anonymous_3)","decl":{"start":{"line":116,"column":123},"end":{"line":116,"column":124}},"loc":{"start":{"line":116,"column":139},"end":{"line":123,"column":69}},"line":116},"4":{"name":"(anonymous_4)","decl":{"start":{"line":116,"column":169},"end":{"line":116,"column":170}},"loc":{"start":{"line":116,"column":175},"end":{"line":123,"column":67}},"line":116},"5":{"name":"(anonymous_5)","decl":{"start":{"line":116,"column":258},"end":{"line":116,"column":259}},"loc":{"start":{"line":116,"column":264},"end":{"line":123,"column":65}},"line":116},"6":{"name":"(anonymous_6)","decl":{"start":{"line":123,"column":77},"end":{"line":123,"column":78}},"loc":{"start":{"line":123,"column":86},"end":{"line":123,"column":88}},"line":123},"7":{"name":"checkValidServiceWorker","decl":{"start":{"line":123,"column":100},"end":{"line":123,"column":123}},"loc":{"start":{"line":123,"column":131},"end":{"line":127,"column":127}},"line":123},"8":{"name":"(anonymous_8)","decl":{"start":{"line":124,"column":20},"end":{"line":124,"column":21}},"loc":{"start":{"line":124,"column":32},"end":{"line":127,"column":31}},"line":124},"9":{"name":"(anonymous_9)","decl":{"start":{"line":126,"column":41},"end":{"line":126,"column":42}},"loc":{"start":{"line":126,"column":57},"end":{"line":126,"column":125}},"line":126},"10":{"name":"(anonymous_10)","decl":{"start":{"line":126,"column":89},"end":{"line":126,"column":90}},"loc":{"start":{"line":126,"column":95},"end":{"line":126,"column":122}},"line":126},"11":{"name":"(anonymous_11)","decl":{"start":{"line":127,"column":39},"end":{"line":127,"column":40}},"loc":{"start":{"line":127,"column":45},"end":{"line":127,"column":124}},"line":127},"12":{"name":"unregister","decl":{"start":{"line":127,"column":136},"end":{"line":127,"column":146}},"loc":{"start":{"line":127,"column":149},"end":{"line":127,"column":268}},"line":127},"13":{"name":"(anonymous_13)","decl":{"start":{"line":127,"column":220},"end":{"line":127,"column":221}},"loc":{"start":{"line":127,"column":236},"end":{"line":127,"column":264}},"line":127}},"branchMap":{"0":{"loc":{"start":{"line":108,"column":28},"end":{"line":110,"column":88}},"type":"binary-expr","locations":[{"start":{"line":108,"column":28},"end":{"line":108,"column":68}},{"start":{"line":109,"column":0},"end":{"line":109,"column":36}},{"start":{"line":110,"column":0},"end":{"line":110,"column":88}}],"line":108},"1":{"loc":{"start":{"line":110,"column":111},"end":{"line":116,"column":44}},"type":"if","locations":[{"start":{"line":110,"column":111},"end":{"line":116,"column":44}},{"start":{"line":110,"column":111},"end":{"line":116,"column":44}}],"line":110},"2":{"loc":{"start":{"line":110,"column":115},"end":{"line":110,"column":184}},"type":"binary-expr","locations":[{"start":{"line":110,"column":115},"end":{"line":110,"column":152}},{"start":{"line":110,"column":156},"end":{"line":110,"column":184}}],"line":110},"3":{"loc":{"start":{"line":111,"column":71},"end":{"line":114,"column":14}},"type":"if","locations":[{"start":{"line":111,"column":71},"end":{"line":114,"column":14}},{"start":{"line":111,"column":71},"end":{"line":114,"column":14}}],"line":111},"4":{"loc":{"start":{"line":114,"column":113},"end":{"line":116,"column":40}},"type":"if","locations":[{"start":{"line":114,"column":113},"end":{"line":116,"column":40}},{"start":{"line":114,"column":113},"end":{"line":116,"column":40}}],"line":114},"5":{"loc":{"start":{"line":116,"column":265},"end":{"line":123,"column":64}},"type":"if","locations":[{"start":{"line":116,"column":265},"end":{"line":123,"column":64}},{"start":{"line":116,"column":265},"end":{"line":123,"column":64}}],"line":116},"6":{"loc":{"start":{"line":116,"column":310},"end":{"line":123,"column":63}},"type":"if","locations":[{"start":{"line":116,"column":310},"end":{"line":123,"column":63}},{"start":{"line":116,"column":310},"end":{"line":123,"column":63}}],"line":116},"7":{"loc":{"start":{"line":125,"column":4},"end":{"line":127,"column":30}},"type":"if","locations":[{"start":{"line":125,"column":4},"end":{"line":127,"column":30}},{"start":{"line":125,"column":4},"end":{"line":127,"column":30}}],"line":125},"8":{"loc":{"start":{"line":125,"column":8},"end":{"line":125,"column":100}},"type":"binary-expr","locations":[{"start":{"line":125,"column":8},"end":{"line":125,"column":31}},{"start":{"line":125,"column":35},"end":{"line":125,"column":100}}],"line":125},"9":{"loc":{"start":{"line":127,"column":150},"end":{"line":127,"column":267}},"type":"if","locations":[{"start":{"line":127,"column":150},"end":{"line":127,"column":267}},{"start":{"line":127,"column":150},"end":{"line":127,"column":267}}],"line":127}},"s":{"0":0,"1":0,"2":0,"3":0,"4":0,"5":0,"6":0,"7":0,"8":0,"9":0,"10":0,"11":0,"12":0,"13":0,"14":0,"15":0,"16":0,"17":0,"18":0,"19":0,"20":0,"21":0,"22":0,"23":0,"24":0,"25":0,"26":0,"27":0,"28":0,"29":0,"30":0},"f":{"0":0,"1":0,"2":0,"3":0,"4":0,"5":0,"6":0,"7":0,"8":0,"9":0,"10":0,"11":0,"12":0,"13":0},"b":{"0":[0,0,0],"1":[0,0],"2":[0,0],"3":[0,0],"4":[0,0],"5":[0,0],"6":[0,0],"7":[0,0],"8":[0,0],"9":[0,0]}}
,"E:\\Projects\\Hilton-Assignment\\test2-dynamic-form\\src\\components\\HiltonRooms\\HiltonRooms.js": {"path":"E:\\Projects\\Hilton-Assignment\\test2-dynamic-form\\src\\components\\HiltonRooms\\HiltonRooms.js","statementMap":{"0":{"start":{"line":9,"column":8},"end":{"line":9,"column":21}},"1":{"start":{"line":10,"column":8},"end":{"line":10,"column":59}},"2":{"start":{"line":11,"column":8},"end":{"line":14,"column":9}},"3":{"start":{"line":17,"column":8},"end":{"line":17,"column":72}},"4":{"start":{"line":20,"column":8},"end":{"line":57,"column":10}},"5":{"start":{"line":23,"column":20},"end":{"line":34,"column":21}},"6":{"start":{"line":31,"column":58},"end":{"line":31,"column":99}},"7":{"start":{"line":32,"column":56},"end":{"line":32,"column":95}},"8":{"start":{"line":33,"column":50},"end":{"line":33,"column":81}},"9":{"start":{"line":44,"column":36},"end":{"line":44,"column":128}},"10":{"start":{"line":61,"column":31},"end":{"line":66,"column":1}},"11":{"start":{"line":62,"column":22},"end":{"line":62,"column":27}},"12":{"start":{"line":63,"column":4},"end":{"line":65,"column":6}},"13":{"start":{"line":68,"column":34},"end":{"line":88,"column":1}},"14":{"start":{"line":69,"column":4},"end":{"line":87,"column":5}},"15":{"start":{"line":71,"column":33},"end":{"line":75,"column":10}},"16":{"start":{"line":77,"column":43},"end":{"line":81,"column":10}},"17":{"start":{"line":82,"column":41},"end":{"line":86,"column":10}}},"fnMap":{"0":{"name":"(anonymous_0)","decl":{"start":{"line":8,"column":4},"end":{"line":8,"column":5}},"loc":{"start":{"line":8,"column":23},"end":{"line":15,"column":5}},"line":8},"1":{"name":"(anonymous_1)","decl":{"start":{"line":16,"column":4},"end":{"line":16,"column":5}},"loc":{"start":{"line":16,"column":20},"end":{"line":18,"column":5}},"line":16},"2":{"name":"(anonymous_2)","decl":{"start":{"line":19,"column":4},"end":{"line":19,"column":5}},"loc":{"start":{"line":19,"column":13},"end":{"line":58,"column":5}},"line":19},"3":{"name":"(anonymous_3)","decl":{"start":{"line":22,"column":38},"end":{"line":22,"column":39}},"loc":{"start":{"line":22,"column":53},"end":{"line":35,"column":17}},"line":22},"4":{"name":"(anonymous_4)","decl":{"start":{"line":31,"column":51},"end":{"line":31,"column":52}},"loc":{"start":{"line":31,"column":58},"end":{"line":31,"column":99}},"line":31},"5":{"name":"(anonymous_5)","decl":{"start":{"line":32,"column":49},"end":{"line":32,"column":50}},"loc":{"start":{"line":32,"column":56},"end":{"line":32,"column":95}},"line":32},"6":{"name":"(anonymous_6)","decl":{"start":{"line":33,"column":43},"end":{"line":33,"column":44}},"loc":{"start":{"line":33,"column":50},"end":{"line":33,"column":81}},"line":33},"7":{"name":"(anonymous_7)","decl":{"start":{"line":43,"column":58},"end":{"line":43,"column":59}},"loc":{"start":{"line":44,"column":36},"end":{"line":44,"column":128}},"line":44},"8":{"name":"(anonymous_8)","decl":{"start":{"line":61,"column":31},"end":{"line":61,"column":32}},"loc":{"start":{"line":61,"column":40},"end":{"line":66,"column":1}},"line":61},"9":{"name":"(anonymous_9)","decl":{"start":{"line":68,"column":34},"end":{"line":68,"column":35}},"loc":{"start":{"line":68,"column":46},"end":{"line":88,"column":1}},"line":68},"10":{"name":"(anonymous_10)","decl":{"start":{"line":71,"column":22},"end":{"line":71,"column":23}},"loc":{"start":{"line":71,"column":33},"end":{"line":75,"column":10}},"line":71},"11":{"name":"(anonymous_11)","decl":{"start":{"line":77,"column":32},"end":{"line":77,"column":33}},"loc":{"start":{"line":77,"column":43},"end":{"line":81,"column":10}},"line":77},"12":{"name":"(anonymous_12)","decl":{"start":{"line":82,"column":30},"end":{"line":82,"column":31}},"loc":{"start":{"line":82,"column":41},"end":{"line":86,"column":10}},"line":82}},"branchMap":{"0":{"loc":{"start":{"line":37,"column":17},"end":{"line":51,"column":24}},"type":"cond-expr","locations":[{"start":{"line":37,"column":40},"end":{"line":50,"column":22}},{"start":{"line":51,"column":20},"end":{"line":51,"column":24}}],"line":37}},"s":{"0":11,"1":11,"2":11,"3":1,"4":12,"5":48,"6":1,"7":1,"8":1,"9":4,"10":2,"11":1,"12":1,"13":2,"14":4,"15":2,"16":1,"17":1},"f":{"0":11,"1":1,"2":12,"3":48,"4":1,"5":1,"6":1,"7":4,"8":1,"9":4,"10":2,"11":1,"12":1},"b":{"0":[1,11]},"_coverageSchema":"332fd63041d2c1bcb487cc26dd0d5f7d97098a6c","hash":"9f36ef5f33c065ec51627d4bdd3796aa19adbbed"}
,"E:\\Projects\\Hilton-Assignment\\test2-dynamic-form\\src\\components\\Room\\Room.js": {"path":"E:\\Projects\\Hilton-Assignment\\test2-dynamic-form\\src\\components\\Room\\Room.js","statementMap":{"0":{"start":{"line":3,"column":19},"end":{"line":46,"column":1}},"1":{"start":{"line":4,"column":4},"end":{"line":45,"column":10}},"2":{"start":{"line":9,"column":33},"end":{"line":9,"column":55}},"3":{"start":{"line":25,"column":37},"end":{"line":25,"column":65}},"4":{"start":{"line":37,"column":37},"end":{"line":37,"column":67}}},"fnMap":{"0":{"name":"(anonymous_0)","decl":{"start":{"line":3,"column":19},"end":{"line":3,"column":20}},"loc":{"start":{"line":4,"column":4},"end":{"line":45,"column":10}},"line":4},"1":{"name":"(anonymous_1)","decl":{"start":{"line":9,"column":26},"end":{"line":9,"column":27}},"loc":{"start":{"line":9,"column":33},"end":{"line":9,"column":55}},"line":9},"2":{"name":"(anonymous_2)","decl":{"start":{"line":25,"column":30},"end":{"line":25,"column":31}},"loc":{"start":{"line":25,"column":37},"end":{"line":25,"column":65}},"line":25},"3":{"name":"(anonymous_3)","decl":{"start":{"line":37,"column":30},"end":{"line":37,"column":31}},"loc":{"start":{"line":37,"column":37},"end":{"line":37,"column":67}},"line":37}},"branchMap":{"0":{"loc":{"start":{"line":6,"column":13},"end":{"line":14,"column":16}},"type":"cond-expr","locations":[{"start":{"line":7,"column":12},"end":{"line":12,"column":19}},{"start":{"line":14,"column":12},"end":{"line":14,"column":16}}],"line":6}},"s":{"0":3,"1":8,"2":1,"3":1,"4":1},"f":{"0":8,"1":1,"2":1,"3":1},"b":{"0":[7,1]},"_coverageSchema":"332fd63041d2c1bcb487cc26dd0d5f7d97098a6c","hash":"142d82379f54a42500e4dae43d52b6f0a373c7f6"}
,"E:\\Projects\\Hilton-Assignment\\test2-dynamic-form\\src\\store\\actions.js": {"path":"E:\\Projects\\Hilton-Assignment\\test2-dynamic-form\\src\\store\\actions.js","statementMap":{"0":{"start":{"line":1,"column":24},"end":{"line":1,"column":34}},"1":{"start":{"line":2,"column":27},"end":{"line":2,"column":40}},"2":{"start":{"line":3,"column":27},"end":{"line":3,"column":40}},"3":{"start":{"line":4,"column":31},"end":{"line":4,"column":48}},"4":{"start":{"line":5,"column":29},"end":{"line":5,"column":44}}},"fnMap":{},"branchMap":{},"s":{"0":2,"1":2,"2":2,"3":2,"4":2},"f":{},"b":{},"_coverageSchema":"332fd63041d2c1bcb487cc26dd0d5f7d97098a6c","hash":"3b102d1c270f8981806082f9b8f925fe97435923"}
,"E:\\Projects\\Hilton-Assignment\\test2-dynamic-form\\src\\store\\reducer.js": {"path":"E:\\Projects\\Hilton-Assignment\\test2-dynamic-form\\src\\store\\reducer.js","statementMap":{"0":{"start":{"line":1,"column":13},"end":{"line":1,"column":75}},"1":{"start":{"line":1,"column":90},"end":{"line":1,"column":110}},"2":{"start":{"line":1,"column":129},"end":{"line":1,"column":162}},"3":{"start":{"line":1,"column":202},"end":{"line":1,"column":418}},"4":{"start":{"line":1,"column":230},"end":{"line":1,"column":241}},"5":{"start":{"line":1,"column":262},"end":{"line":1,"column":264}},"6":{"start":{"line":1,"column":265},"end":{"line":1,"column":382}},"7":{"start":{"line":1,"column":283},"end":{"line":1,"column":381}},"8":{"start":{"line":1,"column":305},"end":{"line":1,"column":380}},"9":{"start":{"line":1,"column":357},"end":{"line":1,"column":380}},"10":{"start":{"line":1,"column":382},"end":{"line":1,"column":403}},"11":{"start":{"line":1,"column":403},"end":{"line":1,"column":417}},"12":{"start":{"line":3,"column":21},"end":{"line":39,"column":28}},"13":{"start":{"line":44,"column":16},"end":{"line":92,"column":1}},"14":{"start":{"line":45,"column":4},"end":{"line":90,"column":26}},"15":{"start":{"line":47,"column":26},"end":{"line":47,"column":37}},"16":{"start":{"line":48,"column":29},"end":{"line":48,"column":31}},"17":{"start":{"line":49,"column":12},"end":{"line":65,"column":13}},"18":{"start":{"line":50,"column":16},"end":{"line":55,"column":19}},"19":{"start":{"line":51,"column":20},"end":{"line":53,"column":21}},"20":{"start":{"line":52,"column":24},"end":{"line":52,"column":56}},"21":{"start":{"line":54,"column":20},"end":{"line":54,"column":32}},"22":{"start":{"line":57,"column":16},"end":{"line":64,"column":19}},"23":{"start":{"line":58,"column":20},"end":{"line":62,"column":21}},"24":{"start":{"line":59,"column":24},"end":{"line":59,"column":46}},"25":{"start":{"line":60,"column":24},"end":{"line":60,"column":43}},"26":{"start":{"line":61,"column":24},"end":{"line":61,"column":40}},"27":{"start":{"line":63,"column":20},"end":{"line":63,"column":32}},"28":{"start":{"line":66,"column":12},"end":{"line":68,"column":42}},"29":{"start":{"line":71,"column":34},"end":{"line":71,"column":45}},"30":{"start":{"line":72,"column":28},"end":{"line":72,"column":59}},"31":{"start":{"line":73,"column":12},"end":{"line":73,"column":49}},"32":{"start":{"line":74,"column":12},"end":{"line":74,"column":54}},"33":{"start":{"line":75,"column":12},"end":{"line":77,"column":45}},"34":{"start":{"line":81,"column":31},"end":{"line":81,"column":42}},"35":{"start":{"line":82,"column":34},"end":{"line":82,"column":62}},"36":{"start":{"line":83,"column":12},"end":{"line":83,"column":55}},"37":{"start":{"line":84,"column":12},"end":{"line":84,"column":57}},"38":{"start":{"line":85,"column":12},"end":{"line":87,"column":42}},"39":{"start":{"line":90,"column":12},"end":{"line":90,"column":25}},"40":{"start":{"line":92,"column":2},"end":{"line":94,"column":8}}},"fnMap":{"0":{"name":"_interopRequireWildcard","decl":{"start":{"line":1,"column":172},"end":{"line":1,"column":195}},"loc":{"start":{"line":1,"column":201},"end":{"line":1,"column":419}},"line":1},"1":{"name":"(anonymous_1)","decl":{"start":{"line":44,"column":16},"end":{"line":44,"column":17}},"loc":{"start":{"line":44,"column":50},"end":{"line":92,"column":1}},"line":44},"2":{"name":"(anonymous_2)","decl":{"start":{"line":50,"column":39},"end":{"line":50,"column":40}},"loc":{"start":{"line":50,"column":54},"end":{"line":55,"column":17}},"line":50},"3":{"name":"(anonymous_3)","decl":{"start":{"line":57,"column":39},"end":{"line":57,"column":40}},"loc":{"start":{"line":57,"column":54},"end":{"line":64,"column":17}},"line":57}},"branchMap":{"0":{"loc":{"start":{"line":1,"column":202},"end":{"line":1,"column":418}},"type":"if","locations":[{"start":{"line":1,"column":202},"end":{"line":1,"column":418}},{"start":{"line":1,"column":202},"end":{"line":1,"column":418}}],"line":1},"1":{"loc":{"start":{"line":1,"column":206},"end":{"line":1,"column":227}},"type":"binary-expr","locations":[{"start":{"line":1,"column":206},"end":{"line":1,"column":209}},{"start":{"line":1,"column":213},"end":{"line":1,"column":227}}],"line":1},"2":{"loc":{"start":{"line":1,"column":265},"end":{"line":1,"column":382}},"type":"if","locations":[{"start":{"line":1,"column":265},"end":{"line":1,"column":382}},{"start":{"line":1,"column":265},"end":{"line":1,"column":382}}],"line":1},"3":{"loc":{"start":{"line":1,"column":305},"end":{"line":1,"column":380}},"type":"if","locations":[{"start":{"line":1,"column":305},"end":{"line":1,"column":380}},{"start":{"line":1,"column":305},"end":{"line":1,"column":380}}],"line":1},"4":{"loc":{"start":{"line":44,"column":17},"end":{"line":44,"column":37}},"type":"default-arg","locations":[{"start":{"line":44,"column":25},"end":{"line":44,"column":37}}],"line":44},"5":{"loc":{"start":{"line":45,"column":4},"end":{"line":90,"column":26}},"type":"switch","locations":[{"start":{"line":46,"column":8},"end":{"line":68,"column":42}},{"start":{"line":70,"column":8},"end":{"line":77,"column":45}},{"start":{"line":80,"column":8},"end":{"line":87,"column":42}},{"start":{"line":89,"column":8},"end":{"line":90,"column":25}}],"line":45},"6":{"loc":{"start":{"line":49,"column":12},"end":{"line":65,"column":13}},"type":"if","locations":[{"start":{"line":49,"column":12},"end":{"line":65,"column":13}},{"start":{"line":49,"column":12},"end":{"line":65,"column":13}}],"line":49},"7":{"loc":{"start":{"line":51,"column":20},"end":{"line":53,"column":21}},"type":"if","locations":[{"start":{"line":51,"column":20},"end":{"line":53,"column":21}},{"start":{"line":51,"column":20},"end":{"line":53,"column":21}}],"line":51},"8":{"loc":{"start":{"line":58,"column":20},"end":{"line":62,"column":21}},"type":"if","locations":[{"start":{"line":58,"column":20},"end":{"line":62,"column":21}},{"start":{"line":58,"column":20},"end":{"line":62,"column":21}}],"line":58}},"s":{"0":0,"1":0,"2":0,"3":0,"4":0,"5":0,"6":0,"7":0,"8":0,"9":0,"10":0,"11":0,"12":0,"13":0,"14":0,"15":0,"16":0,"17":0,"18":0,"19":0,"20":0,"21":0,"22":0,"23":0,"24":0,"25":0,"26":0,"27":0,"28":0,"29":0,"30":0,"31":0,"32":0,"33":0,"34":0,"35":0,"36":0,"37":0,"38":0,"39":0,"40":0},"f":{"0":0,"1":0,"2":0,"3":0},"b":{"0":[0,0],"1":[0,0],"2":[0,0],"3":[0,0],"4":[0],"5":[0,0,0,0],"6":[0,0],"7":[0,0],"8":[0,0]}}
}
