TN:
SF:E:\Projects\Hilton-Assignment\test2-dynamic-form\src\App.js
FN:6,(anonymous_0)
FNF:1
FNH:0
FNDA:0,(anonymous_0)
DA:7,0
LF:1
LH:0
BRF:0
BRH:0
end_of_record
TN:
SF:E:\Projects\Hilton-Assignment\test2-dynamic-form\src\index.js
FN:10,_interopRequireDefault
FNF:1
FNH:0
FNDA:0,_interopRequireDefault
DA:1,0
DA:2,0
DA:3,0
DA:4,0
DA:5,0
DA:7,0
DA:8,0
DA:9,0
DA:10,0
DA:12,0
DA:14,0
DA:15,0
LF:12
LH:0
BRDA:10,0,0,0
BRDA:10,0,1,0
BRDA:10,1,0,0
BRDA:10,1,1,0
BRF:4
BRH:0
end_of_record
TN:
SF:E:\Projects\Hilton-Assignment\test2-dynamic-form\src\registerServiceWorker.js
FN:110,register
FN:114,(anonymous_1)
FN:116,registerValidSW
FN:116,(anonymous_3)
FN:116,(anonymous_4)
FN:116,(anonymous_5)
FN:123,(anonymous_6)
FN:123,checkValidServiceWorker
FN:124,(anonymous_8)
FN:126,(anonymous_9)
FN:126,(anonymous_10)
FN:127,(anonymous_11)
FN:127,unregister
FN:127,(anonymous_13)
FNF:14
FNH:0
FNDA:0,register
FNDA:0,(anonymous_1)
FNDA:0,registerValidSW
FNDA:0,(anonymous_3)
FNDA:0,(anonymous_4)
FNDA:0,(anonymous_5)
FNDA:0,(anonymous_6)
FNDA:0,checkValidServiceWorker
FNDA:0,(anonymous_8)
FNDA:0,(anonymous_9)
FNDA:0,(anonymous_10)
FNDA:0,(anonymous_11)
FNDA:0,unregister
FNDA:0,(anonymous_13)
DA:1,0
DA:21,0
DA:108,0
DA:110,0
DA:111,0
DA:114,0
DA:115,0
DA:116,0
DA:120,0
DA:123,0
DA:124,0
DA:125,0
DA:126,0
DA:127,0
LF:14
LH:0
BRDA:108,0,0,0
BRDA:108,0,1,0
BRDA:108,0,2,0
BRDA:110,1,0,0
BRDA:110,1,1,0
BRDA:110,2,0,0
BRDA:110,2,1,0
BRDA:111,3,0,0
BRDA:111,3,1,0
BRDA:114,4,0,0
BRDA:114,4,1,0
BRDA:116,5,0,0
BRDA:116,5,1,0
BRDA:116,6,0,0
BRDA:116,6,1,0
BRDA:125,7,0,0
BRDA:125,7,1,0
BRDA:125,8,0,0
BRDA:125,8,1,0
BRDA:127,9,0,0
BRDA:127,9,1,0
BRF:21
BRH:0
end_of_record
TN:
SF:E:\Projects\Hilton-Assignment\test2-dynamic-form\src\components\HiltonRooms\HiltonRooms.js
FN:8,(anonymous_0)
FN:16,(anonymous_1)
FN:19,(anonymous_2)
FN:22,(anonymous_3)
FN:31,(anonymous_4)
FN:32,(anonymous_5)
FN:33,(anonymous_6)
FN:43,(anonymous_7)
FN:61,(anonymous_8)
FN:68,(anonymous_9)
FN:71,(anonymous_10)
FN:77,(anonymous_11)
FN:82,(anonymous_12)
FNF:13
FNH:13
FNDA:11,(anonymous_0)
FNDA:1,(anonymous_1)
FNDA:12,(anonymous_2)
FNDA:48,(anonymous_3)
FNDA:1,(anonymous_4)
FNDA:1,(anonymous_5)
FNDA:1,(anonymous_6)
FNDA:4,(anonymous_7)
FNDA:1,(anonymous_8)
FNDA:4,(anonymous_9)
FNDA:2,(anonymous_10)
FNDA:1,(anonymous_11)
FNDA:1,(anonymous_12)
DA:9,11
DA:10,11
DA:11,11
DA:17,1
DA:20,12
DA:23,48
DA:31,1
DA:32,1
DA:33,1
DA:44,4
DA:61,2
DA:62,1
DA:63,1
DA:68,2
DA:69,4
DA:71,2
DA:77,1
DA:82,1
LF:18
LH:18
BRDA:37,0,0,1
BRDA:37,0,1,11
BRF:2
BRH:2
end_of_record
TN:
SF:E:\Projects\Hilton-Assignment\test2-dynamic-form\src\components\Room\Room.js
FN:3,(anonymous_0)
FN:9,(anonymous_1)
FN:25,(anonymous_2)
FN:37,(anonymous_3)
FNF:4
FNH:4
FNDA:8,(anonymous_0)
FNDA:1,(anonymous_1)
FNDA:1,(anonymous_2)
FNDA:1,(anonymous_3)
DA:3,3
DA:4,8
DA:9,1
DA:25,1
DA:37,1
LF:5
LH:5
BRDA:6,0,0,7
BRDA:6,0,1,1
BRF:2
BRH:2
end_of_record
TN:
SF:E:\Projects\Hilton-Assignment\test2-dynamic-form\src\store\actions.js
FNF:0
FNH:0
DA:1,2
DA:2,2
DA:3,2
DA:4,2
DA:5,2
LF:5
LH:5
BRF:0
BRH:0
end_of_record
TN:
SF:E:\Projects\Hilton-Assignment\test2-dynamic-form\src\store\reducer.js
FN:1,_interopRequireWildcard
FN:44,(anonymous_1)
FN:50,(anonymous_2)
FN:57,(anonymous_3)
FNF:4
FNH:0
FNDA:0,_interopRequireWildcard
FNDA:0,(anonymous_1)
FNDA:0,(anonymous_2)
FNDA:0,(anonymous_3)
DA:1,0
DA:3,0
DA:44,0
DA:45,0
DA:47,0
DA:48,0
DA:49,0
DA:50,0
DA:51,0
DA:52,0
DA:54,0
DA:57,0
DA:58,0
DA:59,0
DA:60,0
DA:61,0
DA:63,0
DA:66,0
DA:71,0
DA:72,0
DA:73,0
DA:74,0
DA:75,0
DA:81,0
DA:82,0
DA:83,0
DA:84,0
DA:85,0
DA:90,0
DA:92,0
LF:30
LH:0
BRDA:1,0,0,0
BRDA:1,0,1,0
BRDA:1,1,0,0
BRDA:1,1,1,0
BRDA:1,2,0,0
BRDA:1,2,1,0
BRDA:1,3,0,0
BRDA:1,3,1,0
BRDA:44,4,0,0
BRDA:45,5,0,0
BRDA:45,5,1,0
BRDA:45,5,2,0
BRDA:45,5,3,0
BRDA:49,6,0,0
BRDA:49,6,1,0
BRDA:51,7,0,0
BRDA:51,7,1,0
BRDA:58,8,0,0
BRDA:58,8,1,0
BRF:19
BRH:0
end_of_record
